     Depletion    T   1.0e-5
      tree_xs     T   6   T   F   F   F   T   F   T  F  F  T  T  T   T  F
      nodal_kern HYBRID
 PMAXS_F 1     '.\CrossSectionFuels\PMAXS_OECD_UOX42_2g.v600'     1
 PMAXS_F 2     '.\CrossSectionFuels\PMAXS_OECD_UOX45_2g.v600'     1
 PMAXS_F 3     '.\CrossSectionFuels\PMAXS_OECD_MOX40_2g.v600'     1
 PMAXS_F 4     '.\CrossSectionFuels\PMAXS_OECD_MOX43_2g.v600'     1
 PMAXS_F 5     '.\CrossSectionFuels\PMAXS_OECD_REFL_2g.v600'      2
 PMAXS_F 6     '.\CrossSectionFuels\PMAXS_OECD_REFL_2g.v600'      2
 Group_spec  2
 geo_dim   17 17 22 1 1              ! nasyx,nasyy,nz
 rad_conf
 0 0 0 0 1 1 1 1 1 1 1 1 1 0 0 0 0
 0 0 1 1 1 7*2 3*1 0 0
 0 1 1 11*2 1 1 0
 0 1 13*2 1 0
 1 1 13*2 1 1
 1 15*2 1
 1 15*2 1
 1 15*2 1
 1 15*2 1
 1 15*2 1
 1 15*2 1
 1 15*2 1
 1 1 13*2 1 1
 0 1 13*2 1 0
 0 1 1 11*2 1 1 0
 0 0 1 1 1 7*2 3*1 0 0
 0 0 0 0 1 1 1 1 1 1 1 1 1 0 0 0 0
 grid_x     17*21.42  ! 9 fuel assemby de 20 cm
 neutmesh_x 17*1 ! 50 mesh in ogni fuel assembly
 grid_y     17*21.42
 neutmesh_y 17*1
 Planar_Reg 1
! 117 116 115 114 113 112 111 110 109 110 111 112 113 114 115 116 117
                 5   6   6   6   6   6   5   6   5
         5   5   5   5   5   5   5   5   5   5   5   6   5
     5   5   5   5   5   5   5   5   5   5   5   5   5   5   5
     5   5   5   5   5   5   5   5   5   5   5   5   5   5   5
 5   5   5   5   5   5   5   5   5   5   5   5   5   5   5   5   5
 5   5   5   5   5   5   5   5   5   5   5   5   5   5   5   5   5
 5   5   5   5   5   5   5   5   5   5   5   5   5   5   5   5   5
 5   5   5   5   5   5   5   5   5   5   5   5   5   5   5   5   5
 5   5   5   5   5   5   5   5   5   5   5   5   5   5   5   5   5
 5   5   5   5   5   5   5   5   5   5   5   5   5   5   5   5   5
 5   5   5   5   5   5   5   5   5   5   5   5   5   5   5   5   5
 5   5   5   5   5   5   5   5   5   5   5   5   5   5   5   5   5
 5   5   5   5   5   5   5   5   5   5   5   5   5   5   5   5   5
     5   5   5   5   5   5   5   5   5   5   5   5   5   5   5
     5   5   5   5   5   5   5   5   5   5   5   5   5   5   5
         5   5   5   5   5   5   5   5   5   5   5   6   5
                 5   6   6   6   6   6   5   5   5
 Planar_Reg 2
! 117 116 115 114 113 112 111 110 109 110 111 112 113 114 115 116 117
                 5   6   6   6   6   6   6   6   5
         5   6   5   2   4   2   1   2   4   2   5   6   5
     5   5   2   1   4   2   3   2   3   2   4   1   2   5   5
     5   2   4   2   2   4   1   4   1   4   2   2   4   2   5
 5   5   1   2   1   1   1   1   2   1   1   1   1   2   1   5   5
 5   2   4   2   1   3   1   3   2   3   1   3   1   2   4   2   5
 5   4   2   4   1   1   1   2   1   2   1   1   1   4   2   4   5
 5   2   3   1   1   3   2   1   1   1   2   3   1   1   3   2   5
 5   1   2   4   2   2   1   1   1   1   2   2   4   2   1   5   5
 5   2   3   1   1   3   2   1   1   1   2   3   1   1   3   2   5
 5   4   2   4   1   1   1   2   1   2   1   1   1   4   2   4   5
 5   2   4   2   1   3   1   3   2   3   1   3   1   2   4   2   5
 5   5   1   2   1   1   1   1   2   1   1   1   1   2   1   5   5
     5   2   4   2   2   4   1   4   1   4   2   2   4   2   5
     5   5   2   1   4   2   3   2   3   2   4   1   2   5   5
         5   6   5   2   4   2   1   2   4   2   5   6   5
                 5   6   6   6   6   6   6   6   5
 bank_conf
 fa_powpit  18.4715     21.42
 n_ring     6
 THmesh_x   17*1
 THmesh_y   17*1
