      core_type    PWR
      transient    T
      depletion    T !T 1.0e-5
      tree_xs    T    6    T   F   F   F   T   F   T   F   F   T   T   T   T   F
      nodal_kern hybrid
 geo_dim   17  17 22  1 1           !nasyx,nasyy,nz
 rad_conf
!101 102 103 104 105 106 107 108 109 110 111 112 113 114 115 116 117
   0   0   0   0   1   1   1   1   1   1   1   1   1   0   0   0   0
   0   0   1   1   1   2   2   2   2   2   2   2   1   1   1   0   0  !1
   0   1   1   2   2   2   2   2   2   2   2   2   2   2   1   1   0  !1
   0   1   2   2   2   2   2   2   2   2   2   2   2   2   2   1   0  !2
   1   1   2   2   2   2   2   2   2   2   2   2   2   2   2   1   1  !1
   1   2   2   2   2   2   2   2   2   2   2   2   2   2   2   2   1  !3
   1   2   2   2   2   2   2   2   2   2   2   2   2   2   2   2   1  !2
   1   2   2   2   2   2   2   2   2   2   2   2   2   2   2   2   1  !1
   1   2   2   2   2   2   2   2   2   2   2   2   2   2   2   2   1  !0
   1   2   2   2   2   2   2   2   2   2   2   2   2   2   2   2   1  !1
   1   2   2   2   2   2   2   2   2   2   2   2   2   2   2   2   1  !2
   1   2   2   2   2   2   2   2   2   2   2   2   2   2   2   2   1  !3
   1   1   2   2   2   2   2   2   2   2   2   2   2   2   2   1   1  !1
   0   1   2   2   2   2   2   2   2   2   2   2   2   2   2   1   0  !2
   0   1   1   2   2   2   2   2   2   2   2   2   2   2   1   1   0  !1
   0   0   1   1   1   2   2   2   2   2   2   2   1   1   1   0   0  !1
   0   0   0   0   1   1   1   1   1   1   1   1   1   0   0   0   0
 grid_x     17*21.42
 neutmesh_x 17*1
 grid_y     17*21.42
 neutmesh_y 17*1
 Planar_Reg 1
!117 116 115 114 113 112 111 110 109 110 111 112 113 114 115 116 117
                 5   6   6   6   6   6   6   6   5
         5   6   5   2   4   2   1   2   4   2   5   6   5
     5   5   2   1   4   2   3   2   3   2   4   1   2   5   5      !7
     5   2   4   2   2   4   1   4   1   4   2   2   4   2   5      !6
 5   5   1   2   1   1   1   1   2   1   1   1   1   2   1   5   5  !5
 5   2   4   2   1   3   1   3   2   3   1   3   1   2   4   2   5  !4
 5   4   2   4   1   1   1   2   1   2   1   1   1   4   2   4   5  !3
 5   2   3   1   1   3   2   1   1   1   2   3   1   1   3   2   5  !2
 5   1   2   4   2   2   1   1   1   1   1   2   2   4   2   1   5  !CL
 5   2   3   1   1   3   2   1   1   1   2   3   1   1   3   2   5  !2
 5   4   2   4   1   1   1   2   1   2   1   1   1   4   2   4   5  !3
 5   2   4   2   1   3   1   3   2   3   1   3   1   2   4   2   5  !4
 5   5   1   2   1   1   1   1   2   1   1   1   1   2   1   5   5  !5
     5   2   4   2   2   4   1   4   1   4   2   2   4   2   5      !6
     5   5   2   1   4   2   3   2   3   2   4   1   2   5   5      !7
         5   6   5   2   4   2   1   2   4   2   5   6   5
                 5   6   6   6   6   6   6   6   5
 Planar_Reg 2
!117 116 115 114 113 112 111 110 109 110 111 112 113 114 115 116 117
                 5   6   6   6   6   6   5   6   5
         5   5   5   5   5   5   5   5   5   5   5   6   5
     5   5   5   5   5   5   5   5   5   5   5   5   5   5   5      !7
     5   5   5   5   5   5   5   5   5   5   5   5   5   5   5      !6
 5   5   5   5   5   5   5   5   5   5   5   5   5   5   5   5   5  !5
 5   5   5   5   5   5   5   5   5   5   5   5   5   5   5   5   5  !4
 5   5   5   5   5   5   5   5   5   5   5   5   5   5   5   5   5  !3
 5   5   5   5   5   5   5   5   5   5   5   5   5   5   5   5   5  !2
 5   5   5   5   5   5   5   5   5   5   5   5   5   5   5   5   5  !CL
 5   5   5   5   5   5   5   5   5   5   5   5   5   5   5   5   5  !2
 5   5   5   5   5   5   5   5   5   5   5   5   5   5   5   5   5  !3
 5   5   5   5   5   5   5   5   5   5   5   5   5   5   5   5   5  !4
 5   5   5   5   5   5   5   5   5   5   5   5   5   5   5   5   5  !5
     5   5   5   5   5   5   5   5   5   5   5   5   5   5   5      !6
     5   5   5   5   5   5   5   5   5   5   5   5   5   5   5      !7
         5   5   5   5   5   5   5   5   5   5   5   6   5
                 5   6   6   6   6   6   5   5   5
 bank_conf
      fa_powpit    18.4715   21.42            !assembly power(Mw) and pitch(cm)
      n_ring       10                         !number of meshes in pellet
      thmesh_x     17*1                       !Number of T/H Nodes per FA in X-dir
      thmesh_y     17*1                       !Number of T/H Nodes per FA in y-dir
      thmesh_z     1 2 3 4 5 6 7 8 9 10 11 12 13 14 15 16 17 18 19 20 21 22 !23  !junction locations
 PMAXS_F  1        '.\PMAX\PMAXS_OECD_UOX42_2g.v600'      1
 PMAXS_F  2        '.\PMAX\PMAXS_OECD_UOX45_2g.v600'      1
 PMAXS_F  3        '.\PMAX\PMAXS_OECD_MOX40_2g.v600'      1
 PMAXS_F  4        '.\PMAX\PMAXS_OECD_MOX43_2g.v600'      1
 PMAXS_F  5        '.\PMAX\PMAXS_OECD_REFL_2g.v600'       2
 PMAXS_F  6        '.\PMAX\PMAXS_OECD_REFL_2g.v600'       2
