     PIN_POWER    F
      nodal_kern fdm
 comp_num   1    !Fuel 1
 comp_num   2    !Fuel 1 Rodded
 comp_num   3    !Fuel 2
 comp_num   4    !Reflector
 comp_num   5    !Reflector Rodded
 delcr_comp 1   1 -5  7 -11  !compostions that this set applies
 delcr_comp 2   6                      !compostions that this set applies
 kin_comp   1  1 -11    !Compostions that this set applies
 geo_dim   9 9 19              !nasyx,nasyy,nz
 rad_conf
 2 2 2 2 2 2 2 2 1
 2 2 2 2 2 2 2 2 1
 2 2 2 2 2 2 2 2 1
 2 2 2 2 2 2 2 1 1
 2 2 2 2 2 2 2 1 0
 2 2 2 2 2 2 1 1 0
 2 2 2 2 2 1 1 0 0
 2 2 2 1 1 1 0 0 0
 1 1 1 1 0 0 0 0 0
 grid_x     1*10.0 8*20.0  ! 9 fuel assemby de 20 cm
 neutmesh_x 1 8*2  ! 50 mesh in ogni fuel assembly
 grid_y     1*10.0 8*20.0
 neutmesh_y 1 8*2
 Planar_Reg 1
 9*4
 9*4
 9*4
 9*4
 8*4
 8*4
 7*4
 6*4
 4*4
 Planar_Reg 2
 2 3*1 2 1 1 3 4
 7*1 3 4
 6*1 3 3 4
 6*1 3 4 4
 2 3*1 2 3 3 4
 4*1 3 3 4 4
 1 1 3*3 4 4
 3*3 3*4
 4*4
 Planar_Reg 3
 2 3*1 2 1 1 3 4
 7*1 3 4
 1 1 2 3*1 3 3 4
 6*1 3 4 4
 2 3*1 2 3 3 4
 4*1 3 3 4 4
 1 1 3*3 4 4
 3*3 3*4
 4*4
 Planar_Reg 4
 5 3*4 5 4*4
 9*4
 4 4 5 6*4
 9*4
 5 3*4 5 3*4
 8*4
 7*4
 6*4
 4*4
